<?xml version='1.0' encoding='UTF-8'?>
<testsuite hostname="TS-STUDENT-7859" name="SetTesting3" tests="7" errors="0" failures="0" skipped="0" time="0.037" timestamp="2022-03-26T05:01:05">
          <properties>
      <property name="jline.esc.timeout" value="0"/><property name="java.runtime.name" value="Java(TM) SE Runtime Environment"/><property name="sun.boot.library.path" value="C:\Program Files (x86)\Java\jre1.8.0_321\bin"/><property name="java.vm.version" value="25.321-b07"/><property name="java.vm.vendor" value="Oracle Corporation"/><property name="java.vendor.url" value="http://java.oracle.com/"/><property name="path.separator" value=";"/><property name="jna.loaded" value="true"/><property name="java.vm.name" value="Java HotSpot(TM) Client VM"/><property name="file.encoding.pkg" value="sun.io"/><property name="user.country" value="US"/><property name="user.script" value=""/><property name="sun.java.launcher" value="SUN_STANDARD"/><property name="sun.os.patch.level" value=""/><property name="jna.nosys" value="true"/><property name="java.vm.specification.name" value="Java Virtual Machine Specification"/><property name="user.dir" value="C:\Users\nchand26\IdeaProjects\Homework1Testing"/><property name="java.runtime.version" value="1.8.0_321-b07"/><property name="java.awt.graphicsenv" value="sun.awt.Win32GraphicsEnvironment"/><property name="java.endorsed.dirs" value="C:\Program Files (x86)\Java\jre1.8.0_321\lib\endorsed"/><property name="os.arch" value="x86"/><property name="java.io.tmpdir" value="C:\Users\nchand26\AppData\Local\Temp\"/><property name="line.separator" value="
"/><property name="java.vm.specification.vendor" value="Oracle Corporation"/><property name="log4j.ignoreTCL" value="true"/><property name="user.variant" value=""/><property name="os.name" value="Windows 11"/><property name="sun.jnu.encoding" value="Cp1252"/><property name="jnidispatch.path" value="C:\Users\nchand26\AppData\Local\Temp\jna--825452312\jna792223848012869949.dll"/><property name="java.library.path" value="C:\Program Files (x86)\Common Files\Oracle\Java\javapath;C:\WINDOWS\Sun\Java\bin;C:\WINDOWS\system32;C:\WINDOWS;C:\Program Files (x86)\Common Files\Oracle\Java\javapath;C:\WINDOWS\system32;C:\WINDOWS;C:\WINDOWS\System32\Wbem;C:\WINDOWS\System32\WindowsPowerShell\v1.0\;C:\WINDOWS\System32\OpenSSH\;C:\Program Files\Git\cmd;C:\Program Files (x86)\sbt\bin;C:\Users\nchand26\AppData\Local\Programs\Python\Python310\Scripts\;C:\Users\nchand26\AppData\Local\Programs\Python\Python310\;C:\Users\nchand26\AppData\Local\Microsoft\WindowsApps;;."/><property name="java.specification.name" value="Java Platform API Specification"/><property name="java.class.version" value="52.0"/><property name="sun.management.compiler" value="HotSpot Client Compiler"/><property name="os.version" value="10.0"/><property name="swoval.tmpdir" value="C:\Users\nchand26\.sbt\1.0"/><property name="user.home" value="C:\Users\nchand26"/><property name="user.timezone" value="America/Chicago"/><property name="java.awt.printerjob" value="sun.awt.windows.WPrinterJob"/><property name="file.encoding" value="UTF-8"/><property name="java.specification.version" value="1.8"/><property name="java.class.path" value="C:\Program Files (x86)\sbt\\bin\sbt-launch.jar"/><property name="user.name" value="nchand26"/><property name="jline.shutdownhook" value="false"/><property name="java.vm.specification.version" value="1.8"/><property name="sun.java.command" value="xsbt.boot.Boot clean compile test"/><property name="java.home" value="C:\Program Files (x86)\Java\jre1.8.0_321"/><property name="sun.arch.data.model" value="32"/><property name="user.language" value="en"/><property name="java.specification.vendor" value="Oracle Corporation"/><property name="awt.toolkit" value="sun.awt.windows.WToolkit"/><property name="java.vm.info" value="mixed mode"/><property name="java.version" value="1.8.0_321"/><property name="java.ext.dirs" value="C:\Program Files (x86)\Java\jre1.8.0_321\lib\ext;C:\WINDOWS\Sun\Java\lib\ext"/><property name="sun.boot.class.path" value="C:\Program Files (x86)\Java\jre1.8.0_321\lib\resources.jar;C:\Program Files (x86)\Java\jre1.8.0_321\lib\rt.jar;C:\Program Files (x86)\Java\jre1.8.0_321\lib\sunrsasign.jar;C:\Program Files (x86)\Java\jre1.8.0_321\lib\jsse.jar;C:\Program Files (x86)\Java\jre1.8.0_321\lib\jce.jar;C:\Program Files (x86)\Java\jre1.8.0_321\lib\charsets.jar;C:\Program Files (x86)\Java\jre1.8.0_321\lib\jfr.jar;C:\Program Files (x86)\Java\jre1.8.0_321\classes"/><property name="java.vendor" value="Oracle Corporation"/><property name="sun.stderr.encoding" value="cp437"/><property name="file.separator" value="\"/><property name="java.vendor.url.bug" value="http://bugreport.sun.com/bugreport/"/><property name="sun.io.unicode.encoding" value="UnicodeLittle"/><property name="sun.cpu.endian" value="little"/><property name="sun.stdout.encoding" value="cp437"/><property name="sun.desktop" value="windows"/><property name="sun.cpu.isalist" value="pentium_pro+mmx pentium_pro pentium+mmx pentium i486 i386 i86"/>
    </properties>
          <testcase classname="SetTesting3" name="Abstract Class and Interface cannot be initiated should give an error message when an Abstract Class or Interface is initiated" time="0.032">
                      
                    </testcase><testcase classname="SetTesting3" name="Child class should implement all abstract methods or else error (extends, implements) should give an error message when all the abstract methods are not implemented" time="0.005">
                      
                    </testcase><testcase classname="SetTesting3" name="An Interface cannot implement another Interface should give an error message when an interface tries to implement another interface" time="0.0">
                      
                    </testcase><testcase classname="SetTesting3" name="Interface cannot inherit from a pure abstract class should give an error message when an interface inherits from a pure abstract class" time="0.0">
                      
                    </testcase><testcase classname="SetTesting3" name="Abstract Class inherits from another abstract class and a sub class will implement the unimplemented abstract methods should ensure that the concrete sub class implements all the abstract methods" time="0.0">
                      
                    </testcase><testcase classname="SetTesting3" name="Abstract Class implements interface partially and sub class implements the remaining abstract methods fully. should define a class and instantiate it" time="0.0">
                      
                    </testcase><testcase classname="SetTesting3" name="A Class implementing multiple interfaces should ensure that a class implements 2 or more interfaces within a single Implements construct" time="0.0">
                      
                    </testcase>
          <system-out><![CDATA[]]></system-out>
          <system-err><![CDATA[]]></system-err>
        </testsuite>